2024-06-01 10:23:45 INFO  [ingestion] Started CSV ingestion job job_id=job-001 source=customers.csv
2024-06-01 10:23:46 INFO  [ingestion] Read 12 rows from source job_id=job-001
2024-06-01 10:23:46 WARN  [validation] Missing email for customer C004 job_id=job-001
2024-06-01 10:23:46 WARN  [validation] Duplicate row detected: customer_id=C003 job_id=job-001
2024-06-01 10:23:47 INFO  [storage] Wrote 11 rows to bronze/customers/ job_id=job-001
2024-06-01 10:23:47 INFO  [ingestion] Completed CSV ingestion job_id=job-001 duration_ms=2045
2024-06-01 10:30:00 INFO  [ingestion] Started CSV ingestion job job_id=job-002 source=orders.csv
2024-06-01 10:30:01 INFO  [ingestion] Read 15 rows from source job_id=job-002
2024-06-01 10:30:01 ERROR [validation] Invalid date format in row 9: "2024/07/01" job_id=job-002
2024-06-01 10:30:01 WARN  [validation] Foreign key violation: customer_id=C099 not found job_id=job-002
2024-06-01 10:30:02 INFO  [storage] Wrote 15 rows to bronze/orders/ job_id=job-002
2024-06-01 10:30:02 INFO  [ingestion] Completed CSV ingestion job_id=job-002 duration_ms=1832
2024-06-01 11:00:00 INFO  [transform] Started bronze-to-silver promotion job_id=job-003 table=customers
2024-06-01 11:00:01 INFO  [transform] Deduplication removed 1 rows job_id=job-003
2024-06-01 11:00:01 INFO  [transform] Standardized country casing for 2 rows job_id=job-003
2024-06-01 11:00:02 INFO  [storage] Wrote 11 rows to silver/customers/ job_id=job-003
2024-06-01 11:00:02 INFO  [transform] Completed bronze-to-silver job_id=job-003 duration_ms=1523
2024-06-01 12:00:00 INFO  [orchestration] Pipeline run started run_id=run-001 steps=3
2024-06-01 12:00:00 INFO  [orchestration] Executing step 1/3: ingest_customers run_id=run-001
2024-06-01 12:00:02 INFO  [orchestration] Executing step 2/3: ingest_orders run_id=run-001
2024-06-01 12:00:04 INFO  [orchestration] Executing step 3/3: promote_to_silver run_id=run-001
2024-06-01 12:00:06 INFO  [orchestration] Pipeline run completed run_id=run-001 duration_ms=6012 status=success
2024-06-01 13:00:00 ERROR [ingestion] Connection timeout fetching API data job_id=job-004 url=https://api.example.com/data retries=3
2024-06-01 13:00:05 WARN  [ingestion] Retrying API fetch (attempt 1/3) job_id=job-004
2024-06-01 13:00:10 WARN  [ingestion] Retrying API fetch (attempt 2/3) job_id=job-004
2024-06-01 13:00:15 INFO  [ingestion] API fetch succeeded on retry job_id=job-004 rows=47
